{"/Users/karl/Documents/programming/node/trading-bot/src/ticker.ts": {"path":"/Users/karl/Documents/programming/node/trading-bot/src/ticker.ts","statementMap":{"0":{"start":{"line":1,"column":0},"end":{"line":1,"column":null}},"1":{"start":{"line":2,"column":4},"end":{"line":2,"column":null}}},"fnMap":{"0":{"name":"(anonymous_0)","decl":{"start":{"line":1,"column":0},"end":{"line":1,"column":12}},"loc":{"start":{"line":1,"column":18},"end":{"line":3,"column":1}}}},"branchMap":{"0":{"loc":{"start":{"line":1,"column":12},"end":{"line":1,"column":null}},"type":"binary-expr","locations":[{"start":{"line":1,"column":12},"end":{"line":1,"column":18}},{"start":{"line":1,"column":18},"end":{"line":1,"column":null}}]}},"s":{"0":1,"1":1},"f":{"0":1},"b":{"0":[1,1]}}
,"/Users/karl/Documents/programming/node/trading-bot/src/const/index.ts": {"path":"/Users/karl/Documents/programming/node/trading-bot/src/const/index.ts","statementMap":{"0":{"start":{"line":1,"column":0},"end":{"line":1,"column":66}},"1":{"start":{"line":3,"column":13},"end":{"line":3,"column":28}},"2":{"start":{"line":5,"column":13},"end":{"line":5,"column":28}},"3":{"start":{"line":7,"column":13},"end":{"line":7,"column":49}},"4":{"start":{"line":9,"column":13},"end":{"line":9,"column":28}},"5":{"start":{"line":11,"column":13},"end":{"line":11,"column":36}},"6":{"start":{"line":13,"column":13},"end":{"line":13,"column":48}},"7":{"start":{"line":15,"column":13},"end":{"line":15,"column":33}},"8":{"start":{"line":17,"column":13},"end":{"line":20,"column":null}}},"fnMap":{},"branchMap":{},"s":{"0":1,"1":1,"2":1,"3":1,"4":1,"5":1,"6":1,"7":1,"8":1},"f":{},"b":{}}
,"/Users/karl/Documents/programming/node/trading-bot/src/feature/index.ts": {"path":"/Users/karl/Documents/programming/node/trading-bot/src/feature/index.ts","statementMap":{"0":{"start":{"line":1,"column":0},"end":{"line":1,"column":25}},"1":{"start":{"line":2,"column":0},"end":{"line":2,"column":33}},"2":{"start":{"line":3,"column":0},"end":{"line":3,"column":29}}},"fnMap":{},"branchMap":{},"s":{"0":1,"1":1,"2":1},"f":{},"b":{}}
,"/Users/karl/Documents/programming/node/trading-bot/src/feature/logger/index.ts": {"path":"/Users/karl/Documents/programming/node/trading-bot/src/feature/logger/index.ts","statementMap":{"0":{"start":{"line":1,"column":0},"end":{"line":1,"column":9}},"1":{"start":{"line":1,"column":9},"end":{"line":1,"column":40}}},"fnMap":{"0":{"name":"(anonymous_0)","decl":{"start":{"line":1,"column":9},"end":{"line":1,"column":21}},"loc":{"start":{"line":1,"column":9},"end":{"line":1,"column":40}}}},"branchMap":{},"s":{"0":1,"1":2},"f":{"0":1},"b":{}}
,"/Users/karl/Documents/programming/node/trading-bot/src/feature/logger/logger.ts": {"path":"/Users/karl/Documents/programming/node/trading-bot/src/feature/logger/logger.ts","statementMap":{"0":{"start":{"line":1,"column":0},"end":{"line":1,"column":52}},"1":{"start":{"line":6,"column":28},"end":{"line":24,"column":1}},"2":{"start":{"line":7,"column":38},"end":{"line":7,"column":40}},"3":{"start":{"line":9,"column":37},"end":{"line":12,"column":null}},"4":{"start":{"line":9,"column":66},"end":{"line":12,"column":null}},"5":{"start":{"line":10,"column":8},"end":{"line":10,"column":27}},"6":{"start":{"line":11,"column":8},"end":{"line":11,"column":23}},"7":{"start":{"line":14,"column":20},"end":{"line":18,"column":null}},"8":{"start":{"line":15,"column":8},"end":{"line":15,"column":27}},"9":{"start":{"line":17,"column":8},"end":{"line":17,"column":20}},"10":{"start":{"line":20,"column":4},"end":{"line":23,"column":null}},"11":{"start":{"line":6,"column":13},"end":{"line":6,"column":28}}},"fnMap":{"0":{"name":"(anonymous_13)","decl":{"start":{"line":6,"column":28},"end":{"line":6,"column":null}},"loc":{"start":{"line":6,"column":28},"end":{"line":24,"column":1}}},"1":{"name":"(anonymous_14)","decl":{"start":{"line":9,"column":37},"end":{"line":9,"column":44}},"loc":{"start":{"line":9,"column":66},"end":{"line":12,"column":null}}},"2":{"name":"(anonymous_15)","decl":{"start":{"line":9,"column":66},"end":{"line":9,"column":null}},"loc":{"start":{"line":9,"column":66},"end":{"line":12,"column":null}}},"3":{"name":"(anonymous_17)","decl":{"start":{"line":14,"column":20},"end":{"line":14,"column":null}},"loc":{"start":{"line":14,"column":20},"end":{"line":18,"column":null}}}},"branchMap":{"0":{"loc":{"start":{"line":10,"column":8},"end":{"line":10,"column":27}},"type":"switch","locations":[{"start":{"line":10,"column":8},"end":{"line":10,"column":27}}]},"1":{"loc":{"start":{"line":15,"column":8},"end":{"line":15,"column":27}},"type":"switch","locations":[{"start":{"line":15,"column":8},"end":{"line":15,"column":27}}]}},"s":{"0":1,"1":1,"2":1,"3":1,"4":0,"5":0,"6":0,"7":1,"8":0,"9":0,"10":1,"11":1},"f":{"0":1,"1":0,"2":0,"3":0},"b":{"0":[0],"1":[0]}}
,"/Users/karl/Documents/programming/node/trading-bot/src/feature/marketAnalyzer/index.ts": {"path":"/Users/karl/Documents/programming/node/trading-bot/src/feature/marketAnalyzer/index.ts","statementMap":{"0":{"start":{"line":1,"column":0},"end":{"line":1,"column":32}}},"fnMap":{},"branchMap":{},"s":{"0":1},"f":{},"b":{}}
,"/Users/karl/Documents/programming/node/trading-bot/src/feature/marketAnalyzer/movingAverage.ts": {"path":"/Users/karl/Documents/programming/node/trading-bot/src/feature/marketAnalyzer/movingAverage.ts","statementMap":{"0":{"start":{"line":1,"column":0},"end":{"line":1,"column":33}},"1":{"start":{"line":2,"column":0},"end":{"line":2,"column":38}},"2":{"start":{"line":6,"column":66},"end":{"line":25,"column":1}},"3":{"start":{"line":7,"column":14},"end":{"line":7,"column":16}},"4":{"start":{"line":7,"column":28},"end":{"line":7,"column":30}},"5":{"start":{"line":7,"column":34},"end":{"line":7,"column":null}},"6":{"start":{"line":9,"column":47},"end":{"line":12,"column":null}},"7":{"start":{"line":14,"column":20},"end":{"line":14,"column":126}},"8":{"start":{"line":14,"column":51},"end":{"line":14,"column":53}},"9":{"start":{"line":14,"column":58},"end":{"line":14,"column":88}},"10":{"start":{"line":16,"column":4},"end":{"line":22,"column":5}},"11":{"start":{"line":17,"column":8},"end":{"line":17,"column":35}},"12":{"start":{"line":18,"column":11},"end":{"line":22,"column":5}},"13":{"start":{"line":19,"column":8},"end":{"line":19,"column":36}},"14":{"start":{"line":21,"column":8},"end":{"line":21,"column":36}},"15":{"start":{"line":24,"column":4},"end":{"line":24,"column":18}},"16":{"start":{"line":6,"column":13},"end":{"line":6,"column":66}}},"fnMap":{"0":{"name":"(anonymous_1)","decl":{"start":{"line":6,"column":66},"end":{"line":6,"column":67}},"loc":{"start":{"line":8,"column":22},"end":{"line":25,"column":1}}},"1":{"name":"(anonymous_2)","decl":{"start":{"line":14,"column":38},"end":{"line":14,"column":39}},"loc":{"start":{"line":14,"column":53},"end":{"line":14,"column":62}}}},"branchMap":{"0":{"loc":{"start":{"line":16,"column":4},"end":{"line":22,"column":5}},"type":"if","locations":[{"start":{"line":16,"column":4},"end":{"line":22,"column":5}},{"start":{"line":18,"column":11},"end":{"line":22,"column":5}}]},"1":{"loc":{"start":{"line":18,"column":11},"end":{"line":22,"column":5}},"type":"if","locations":[{"start":{"line":18,"column":11},"end":{"line":22,"column":5}},{"start":{"line":20,"column":11},"end":{"line":22,"column":5}}]}},"s":{"0":1,"1":1,"2":1,"3":0,"4":0,"5":0,"6":0,"7":0,"8":0,"9":0,"10":0,"11":0,"12":0,"13":0,"14":0,"15":0,"16":1},"f":{"0":0,"1":0},"b":{"0":[0,0],"1":[0,0]}}
,"/Users/karl/Documents/programming/node/trading-bot/src/feature/tradingBot/index.ts": {"path":"/Users/karl/Documents/programming/node/trading-bot/src/feature/tradingBot/index.ts","statementMap":{"0":{"start":{"line":1,"column":0},"end":{"line":1,"column":29}}},"fnMap":{},"branchMap":{},"s":{"0":1},"f":{},"b":{}}
,"/Users/karl/Documents/programming/node/trading-bot/src/feature/tradingBot/tradingBot.ts": {"path":"/Users/karl/Documents/programming/node/trading-bot/src/feature/tradingBot/tradingBot.ts","statementMap":{"0":{"start":{"line":1,"column":0},"end":{"line":1,"column":26}},"1":{"start":{"line":2,"column":0},"end":{"line":2,"column":106}},"2":{"start":{"line":64,"column":32},"end":{"line":136,"column":1}},"3":{"start":{"line":77,"column":8},"end":{"line":77,"column":14}},"4":{"start":{"line":78,"column":18},"end":{"line":78,"column":31}},"5":{"start":{"line":80,"column":24},"end":{"line":85,"column":5}},"6":{"start":{"line":81,"column":31},"end":{"line":81,"column":44}},"7":{"start":{"line":81,"column":22},"end":{"line":81,"column":24}},"8":{"start":{"line":81,"column":26},"end":{"line":81,"column":31}},"9":{"start":{"line":82,"column":6},"end":{"line":84,"column":7}},"10":{"start":{"line":83,"column":8},"end":{"line":83,"column":58}},"11":{"start":{"line":87,"column":26},"end":{"line":100,"column":6}},"12":{"start":{"line":87,"column":61},"end":{"line":87,"column":63}},"13":{"start":{"line":87,"column":67},"end":{"line":87,"column":103}},"14":{"start":{"line":88,"column":6},"end":{"line":90,"column":7}},"15":{"start":{"line":89,"column":8},"end":{"line":89,"column":15}},"16":{"start":{"line":92,"column":21},"end":{"line":96,"column":null}},"17":{"start":{"line":92,"column":12},"end":{"line":96,"column":null}},"18":{"start":{"line":97,"column":6},"end":{"line":97,"column":30}},"19":{"start":{"line":98,"column":6},"end":{"line":98,"column":63}},"20":{"start":{"line":99,"column":6},"end":{"line":99,"column":92}},"21":{"start":{"line":102,"column":17},"end":{"line":113,"column":6}},"22":{"start":{"line":103,"column":12},"end":{"line":103,"column":42}},"23":{"start":{"line":104,"column":20},"end":{"line":104,"column":null}},"24":{"start":{"line":104,"column":12},"end":{"line":104,"column":null}},"25":{"start":{"line":105,"column":6},"end":{"line":105,"column":30}},"26":{"start":{"line":106,"column":34},"end":{"line":106,"column":null}},"27":{"start":{"line":106,"column":12},"end":{"line":106,"column":null}},"28":{"start":{"line":108,"column":6},"end":{"line":110,"column":7}},"29":{"start":{"line":109,"column":8},"end":{"line":109,"column":15}},"30":{"start":{"line":111,"column":6},"end":{"line":111,"column":30}},"31":{"start":{"line":112,"column":6},"end":{"line":112,"column":66}},"32":{"start":{"line":115,"column":18},"end":{"line":125,"column":5}},"33":{"start":{"line":116,"column":6},"end":{"line":118,"column":7}},"34":{"start":{"line":117,"column":8},"end":{"line":117,"column":83}},"35":{"start":{"line":120,"column":6},"end":{"line":124,"column":9}},"36":{"start":{"line":122,"column":27},"end":{"line":122,"column":null}},"37":{"start":{"line":127,"column":17},"end":{"line":129,"column":5}},"38":{"start":{"line":128,"column":6},"end":{"line":128,"column":19}},"39":{"start":{"line":131,"column":4},"end":{"line":135,"column":6}},"40":{"start":{"line":64,"column":13},"end":{"line":64,"column":32}}},"fnMap":{"0":{"name":"(anonymous_14)","decl":{"start":{"line":64,"column":32},"end":{"line":64,"column":null}},"loc":{"start":{"line":67,"column":57},"end":{"line":136,"column":1}}},"1":{"name":"(anonymous_15)","decl":{"start":{"line":80,"column":24},"end":{"line":80,"column":25}},"loc":{"start":{"line":80,"column":41},"end":{"line":85,"column":5}}},"2":{"name":"(anonymous_16)","decl":{"start":{"line":87,"column":26},"end":{"line":87,"column":33}},"loc":{"start":{"line":87,"column":26},"end":{"line":100,"column":6}}},"3":{"name":"(anonymous_19)","decl":{"start":{"line":102,"column":17},"end":{"line":102,"column":null}},"loc":{"start":{"line":102,"column":17},"end":{"line":113,"column":6}}},"4":{"name":"(anonymous_22)","decl":{"start":{"line":115,"column":18},"end":{"line":115,"column":null}},"loc":{"start":{"line":115,"column":18},"end":{"line":125,"column":5}}},"5":{"name":"(anonymous_23)","decl":{"start":{"line":122,"column":21},"end":{"line":122,"column":27}},"loc":{"start":{"line":122,"column":21},"end":{"line":122,"column":31}}},"6":{"name":"(anonymous_24)","decl":{"start":{"line":127,"column":17},"end":{"line":127,"column":null}},"loc":{"start":{"line":127,"column":17},"end":{"line":129,"column":5}}}},"branchMap":{"0":{"loc":{"start":{"line":82,"column":6},"end":{"line":84,"column":7}},"type":"if","locations":[{"start":{"line":82,"column":6},"end":{"line":84,"column":7}}]},"1":{"loc":{"start":{"line":82,"column":10},"end":{"line":82,"column":37}},"type":"binary-expr","locations":[{"start":{"line":82,"column":10},"end":{"line":82,"column":18}},{"start":{"line":82,"column":22},"end":{"line":82,"column":37}}]},"2":{"loc":{"start":{"line":88,"column":6},"end":{"line":90,"column":7}},"type":"if","locations":[{"start":{"line":88,"column":6},"end":{"line":90,"column":7}}]},"3":{"loc":{"start":{"line":108,"column":6},"end":{"line":110,"column":7}},"type":"if","locations":[{"start":{"line":108,"column":6},"end":{"line":110,"column":7}}]},"4":{"loc":{"start":{"line":116,"column":6},"end":{"line":118,"column":7}},"type":"if","locations":[{"start":{"line":116,"column":6},"end":{"line":118,"column":7}}]}},"s":{"0":1,"1":1,"2":1,"3":8,"4":1,"5":1,"6":1,"7":1,"8":1,"9":1,"10":0,"11":1,"12":0,"13":0,"14":0,"15":0,"16":0,"17":0,"18":0,"19":0,"20":0,"21":2,"22":1,"23":1,"24":1,"25":1,"26":1,"27":1,"28":1,"29":1,"30":0,"31":0,"32":1,"33":0,"34":0,"35":0,"36":0,"37":1,"38":0,"39":1,"40":1},"f":{"0":1,"1":1,"2":0,"3":2,"4":0,"5":0,"6":0},"b":{"0":[0],"1":[1,0],"2":[0],"3":[1],"4":[0]}}
,"/Users/karl/Documents/programming/node/trading-bot/src/mocks/index.ts": {"path":"/Users/karl/Documents/programming/node/trading-bot/src/mocks/index.ts","statementMap":{"0":{"start":{"line":1,"column":0},"end":{"line":1,"column":25}},"1":{"start":{"line":2,"column":0},"end":{"line":2,"column":35}},"2":{"start":{"line":3,"column":0},"end":{"line":3,"column":28}},"3":{"start":{"line":4,"column":0},"end":{"line":4,"column":29}}},"fnMap":{},"branchMap":{},"s":{"0":1,"1":1,"2":1,"3":1},"f":{},"b":{}}
,"/Users/karl/Documents/programming/node/trading-bot/src/mocks/priceData.ts": {"path":"/Users/karl/Documents/programming/node/trading-bot/src/mocks/priceData.ts","statementMap":{"0":{"start":{"line":2,"column":0},"end":{"line":2,"column":42}},"1":{"start":{"line":4,"column":33},"end":{"line":17,"column":null}},"2":{"start":{"line":4,"column":57},"end":{"line":17,"column":null}},"3":{"start":{"line":5,"column":4},"end":{"line":5,"column":23}},"4":{"start":{"line":7,"column":10},"end":{"line":7,"column":40}},"5":{"start":{"line":8,"column":10},"end":{"line":8,"column":54}},"6":{"start":{"line":9,"column":10},"end":{"line":9,"column":29}},"7":{"start":{"line":11,"column":4},"end":{"line":14,"column":5}},"8":{"start":{"line":12,"column":12},"end":{"line":12,"column":91}},"9":{"start":{"line":13,"column":6},"end":{"line":13,"column":43}},"10":{"start":{"line":16,"column":4},"end":{"line":16,"column":21}},"11":{"start":{"line":4,"column":13},"end":{"line":4,"column":33}}},"fnMap":{"0":{"name":"(anonymous_13)","decl":{"start":{"line":4,"column":33},"end":{"line":4,"column":40}},"loc":{"start":{"line":4,"column":57},"end":{"line":17,"column":null}}},"1":{"name":"(anonymous_14)","decl":{"start":{"line":4,"column":57},"end":{"line":4,"column":null}},"loc":{"start":{"line":4,"column":57},"end":{"line":17,"column":null}}}},"branchMap":{"0":{"loc":{"start":{"line":5,"column":4},"end":{"line":5,"column":23}},"type":"switch","locations":[{"start":{"line":5,"column":4},"end":{"line":5,"column":23}}]}},"s":{"0":1,"1":1,"2":0,"3":0,"4":0,"5":0,"6":0,"7":0,"8":0,"9":0,"10":0,"11":1},"f":{"0":0,"1":0},"b":{"0":[0]}}
,"/Users/karl/Documents/programming/node/trading-bot/src/mocks/waitRandom.ts": {"path":"/Users/karl/Documents/programming/node/trading-bot/src/mocks/waitRandom.ts","statementMap":{"0":{"start":{"line":1,"column":0},"end":{"line":1,"column":46}},"1":{"start":{"line":2,"column":0},"end":{"line":2,"column":41}},"2":{"start":{"line":4,"column":26},"end":{"line":6,"column":null}},"3":{"start":{"line":4,"column":57},"end":{"line":6,"column":null}},"4":{"start":{"line":5,"column":4},"end":{"line":5,"column":104}},"5":{"start":{"line":5,"column":34},"end":{"line":5,"column":103}},"6":{"start":{"line":5,"column":51},"end":{"line":5,"column":69}},"7":{"start":{"line":4,"column":13},"end":{"line":4,"column":26}}},"fnMap":{"0":{"name":"(anonymous_13)","decl":{"start":{"line":4,"column":26},"end":{"line":4,"column":46}},"loc":{"start":{"line":4,"column":57},"end":{"line":6,"column":null}}},"1":{"name":"(anonymous_14)","decl":{"start":{"line":4,"column":57},"end":{"line":4,"column":null}},"loc":{"start":{"line":4,"column":57},"end":{"line":6,"column":null}}},"2":{"name":"(anonymous_16)","decl":{"start":{"line":5,"column":23},"end":{"line":5,"column":30}},"loc":{"start":{"line":5,"column":30},"end":{"line":5,"column":44}}},"3":{"name":"(anonymous_17)","decl":{"start":{"line":5,"column":45},"end":{"line":5,"column":51}},"loc":{"start":{"line":5,"column":45},"end":{"line":5,"column":58}}}},"branchMap":{},"s":{"0":1,"1":1,"2":1,"3":5,"4":5,"5":5,"6":5,"7":1},"f":{"0":5,"1":5,"2":5,"3":5},"b":{}}
,"/Users/karl/Documents/programming/node/trading-bot/src/mocks/wallet/index.ts": {"path":"/Users/karl/Documents/programming/node/trading-bot/src/mocks/wallet/index.ts","statementMap":{"0":{"start":{"line":1,"column":0},"end":{"line":1,"column":25}},"1":{"start":{"line":2,"column":0},"end":{"line":2,"column":31}}},"fnMap":{},"branchMap":{},"s":{"0":1,"1":1},"f":{},"b":{}}
,"/Users/karl/Documents/programming/node/trading-bot/src/mocks/wallet/wallet.ts": {"path":"/Users/karl/Documents/programming/node/trading-bot/src/mocks/wallet/wallet.ts","statementMap":{"0":{"start":{"line":1,"column":0},"end":{"line":1,"column":43}},"1":{"start":{"line":3,"column":0},"end":{"line":3,"column":33}},"2":{"start":{"line":5,"column":28},"end":{"line":31,"column":1}},"3":{"start":{"line":6,"column":19},"end":{"line":6,"column":47}},"4":{"start":{"line":8,"column":16},"end":{"line":12,"column":null}},"5":{"start":{"line":8,"column":37},"end":{"line":12,"column":null}},"6":{"start":{"line":9,"column":8},"end":{"line":9,"column":27}},"7":{"start":{"line":11,"column":8},"end":{"line":11,"column":41}},"8":{"start":{"line":14,"column":21},"end":{"line":18,"column":null}},"9":{"start":{"line":14,"column":42},"end":{"line":18,"column":null}},"10":{"start":{"line":15,"column":8},"end":{"line":15,"column":27}},"11":{"start":{"line":17,"column":8},"end":{"line":17,"column":42}},"12":{"start":{"line":20,"column":20},"end":{"line":24,"column":null}},"13":{"start":{"line":21,"column":8},"end":{"line":21,"column":27}},"14":{"start":{"line":23,"column":8},"end":{"line":23,"column":35}},"15":{"start":{"line":26,"column":4},"end":{"line":30,"column":null}},"16":{"start":{"line":5,"column":13},"end":{"line":5,"column":28}}},"fnMap":{"0":{"name":"(anonymous_14)","decl":{"start":{"line":5,"column":28},"end":{"line":5,"column":29}},"loc":{"start":{"line":5,"column":52},"end":{"line":31,"column":1}}},"1":{"name":"(anonymous_15)","decl":{"start":{"line":8,"column":16},"end":{"line":8,"column":23}},"loc":{"start":{"line":8,"column":37},"end":{"line":12,"column":null}}},"2":{"name":"(anonymous_16)","decl":{"start":{"line":8,"column":37},"end":{"line":8,"column":null}},"loc":{"start":{"line":8,"column":37},"end":{"line":12,"column":null}}},"3":{"name":"(anonymous_18)","decl":{"start":{"line":14,"column":21},"end":{"line":14,"column":28}},"loc":{"start":{"line":14,"column":42},"end":{"line":18,"column":null}}},"4":{"name":"(anonymous_19)","decl":{"start":{"line":14,"column":42},"end":{"line":14,"column":null}},"loc":{"start":{"line":14,"column":42},"end":{"line":18,"column":null}}},"5":{"name":"(anonymous_21)","decl":{"start":{"line":20,"column":20},"end":{"line":20,"column":null}},"loc":{"start":{"line":20,"column":20},"end":{"line":24,"column":null}}}},"branchMap":{"0":{"loc":{"start":{"line":9,"column":8},"end":{"line":9,"column":27}},"type":"switch","locations":[{"start":{"line":9,"column":8},"end":{"line":9,"column":27}}]},"1":{"loc":{"start":{"line":15,"column":8},"end":{"line":15,"column":27}},"type":"switch","locations":[{"start":{"line":15,"column":8},"end":{"line":15,"column":27}}]},"2":{"loc":{"start":{"line":21,"column":8},"end":{"line":21,"column":27}},"type":"switch","locations":[{"start":{"line":21,"column":8},"end":{"line":21,"column":27}}]}},"s":{"0":1,"1":1,"2":1,"3":2,"4":2,"5":0,"6":0,"7":0,"8":2,"9":0,"10":0,"11":0,"12":6,"13":8,"14":4,"15":2,"16":1},"f":{"0":2,"1":0,"2":0,"3":0,"4":0,"5":8},"b":{"0":[0],"1":[0],"2":[4]}}
,"/Users/karl/Documents/programming/node/trading-bot/src/mocks/walletsConnector/index.ts": {"path":"/Users/karl/Documents/programming/node/trading-bot/src/mocks/walletsConnector/index.ts","statementMap":{"0":{"start":{"line":1,"column":0},"end":{"line":1,"column":35}}},"fnMap":{},"branchMap":{},"s":{"0":1},"f":{},"b":{}}
,"/Users/karl/Documents/programming/node/trading-bot/src/mocks/walletsConnector/walletsConnector.ts": {"path":"/Users/karl/Documents/programming/node/trading-bot/src/mocks/walletsConnector/walletsConnector.ts","statementMap":{"0":{"start":{"line":1,"column":0},"end":{"line":1,"column":33}},"1":{"start":{"line":2,"column":0},"end":{"line":2,"column":41}},"2":{"start":{"line":6,"column":38},"end":{"line":28,"column":1}},"3":{"start":{"line":7,"column":26},"end":{"line":7,"column":90}},"4":{"start":{"line":7,"column":64},"end":{"line":7,"column":87}},"5":{"start":{"line":9,"column":4},"end":{"line":11,"column":5}},"6":{"start":{"line":10,"column":8},"end":{"line":10,"column":82}},"7":{"start":{"line":13,"column":16},"end":{"line":16,"column":null}},"8":{"start":{"line":13,"column":52},"end":{"line":16,"column":null}},"9":{"start":{"line":14,"column":8},"end":{"line":14,"column":87}},"10":{"start":{"line":15,"column":8},"end":{"line":15,"column":49}},"11":{"start":{"line":18,"column":17},"end":{"line":21,"column":null}},"12":{"start":{"line":18,"column":53},"end":{"line":21,"column":null}},"13":{"start":{"line":19,"column":8},"end":{"line":19,"column":82}},"14":{"start":{"line":20,"column":8},"end":{"line":20,"column":54}},"15":{"start":{"line":23,"column":4},"end":{"line":27,"column":null}},"16":{"start":{"line":6,"column":13},"end":{"line":6,"column":38}}},"fnMap":{"0":{"name":"(anonymous_14)","decl":{"start":{"line":6,"column":38},"end":{"line":6,"column":39}},"loc":{"start":{"line":6,"column":77},"end":{"line":28,"column":1}}},"1":{"name":"(anonymous_15)","decl":{"start":{"line":7,"column":54},"end":{"line":7,"column":60}},"loc":{"start":{"line":7,"column":60},"end":{"line":7,"column":70}}},"2":{"name":"(anonymous_16)","decl":{"start":{"line":13,"column":16},"end":{"line":13,"column":23}},"loc":{"start":{"line":13,"column":52},"end":{"line":16,"column":null}}},"3":{"name":"(anonymous_17)","decl":{"start":{"line":13,"column":52},"end":{"line":13,"column":null}},"loc":{"start":{"line":13,"column":52},"end":{"line":16,"column":null}}},"4":{"name":"(anonymous_19)","decl":{"start":{"line":18,"column":17},"end":{"line":18,"column":24}},"loc":{"start":{"line":18,"column":53},"end":{"line":21,"column":null}}},"5":{"name":"(anonymous_20)","decl":{"start":{"line":18,"column":53},"end":{"line":18,"column":null}},"loc":{"start":{"line":18,"column":53},"end":{"line":21,"column":null}}}},"branchMap":{"0":{"loc":{"start":{"line":9,"column":4},"end":{"line":11,"column":5}},"type":"if","locations":[{"start":{"line":9,"column":4},"end":{"line":11,"column":5}}]},"1":{"loc":{"start":{"line":14,"column":8},"end":{"line":14,"column":87}},"type":"switch","locations":[{"start":{"line":14,"column":8},"end":{"line":14,"column":87}}]},"2":{"loc":{"start":{"line":19,"column":8},"end":{"line":19,"column":82}},"type":"switch","locations":[{"start":{"line":19,"column":8},"end":{"line":19,"column":82}}]}},"s":{"0":1,"1":1,"2":1,"3":1,"4":2,"5":1,"6":0,"7":1,"8":0,"9":0,"10":0,"11":1,"12":0,"13":0,"14":0,"15":1,"16":1},"f":{"0":1,"1":2,"2":0,"3":0,"4":0,"5":0},"b":{"0":[0],"1":[0],"2":[0]}}
,"/Users/karl/Documents/programming/node/trading-bot/src/shared/index.ts": {"path":"/Users/karl/Documents/programming/node/trading-bot/src/shared/index.ts","statementMap":{"0":{"start":{"line":1,"column":0},"end":{"line":1,"column":24}},"1":{"start":{"line":2,"column":0},"end":{"line":2,"column":24}}},"fnMap":{},"branchMap":{},"s":{"0":1,"1":1},"f":{},"b":{}}
,"/Users/karl/Documents/programming/node/trading-bot/src/shared/types/action.types.ts": {"path":"/Users/karl/Documents/programming/node/trading-bot/src/shared/types/action.types.ts","statementMap":{"0":{"start":{"line":1,"column":0},"end":{"line":1,"column":null}},"1":{"start":{"line":2,"column":2},"end":{"line":2,"column":null}},"2":{"start":{"line":3,"column":2},"end":{"line":3,"column":null}},"3":{"start":{"line":4,"column":2},"end":{"line":4,"column":null}}},"fnMap":{"0":{"name":"(anonymous_0)","decl":{"start":{"line":1,"column":0},"end":{"line":1,"column":12}},"loc":{"start":{"line":1,"column":18},"end":{"line":5,"column":1}}}},"branchMap":{"0":{"loc":{"start":{"line":1,"column":12},"end":{"line":1,"column":null}},"type":"binary-expr","locations":[{"start":{"line":1,"column":12},"end":{"line":1,"column":18}},{"start":{"line":1,"column":18},"end":{"line":1,"column":null}}]}},"s":{"0":1,"1":1,"2":1,"3":1},"f":{"0":1},"b":{"0":[1,1]}}
,"/Users/karl/Documents/programming/node/trading-bot/src/shared/types/index.ts": {"path":"/Users/karl/Documents/programming/node/trading-bot/src/shared/types/index.ts","statementMap":{"0":{"start":{"line":1,"column":0},"end":{"line":1,"column":31}},"1":{"start":{"line":2,"column":0},"end":{"line":2,"column":30}},"2":{"start":{"line":3,"column":0},"end":{"line":3,"column":31}},"3":{"start":{"line":4,"column":0},"end":{"line":4,"column":34}}},"fnMap":{},"branchMap":{},"s":{"0":1,"1":1,"2":1,"3":1},"f":{},"b":{}}
,"/Users/karl/Documents/programming/node/trading-bot/src/shared/utils/incrId.ts": {"path":"/Users/karl/Documents/programming/node/trading-bot/src/shared/utils/incrId.ts","statementMap":{"0":{"start":{"line":1,"column":0},"end":{"line":1,"column":13}},"1":{"start":{"line":2,"column":12},"end":{"line":2,"column":20}},"2":{"start":{"line":4,"column":4},"end":{"line":6,"column":null}},"3":{"start":{"line":5,"column":8},"end":{"line":5,"column":24}},"4":{"start":{"line":8,"column":11},"end":{"line":12,"column":null}},"5":{"start":{"line":9,"column":8},"end":{"line":9,"column":19}},"6":{"start":{"line":11,"column":8},"end":{"line":11,"column":23}},"7":{"start":{"line":14,"column":11},"end":{"line":16,"column":null}},"8":{"start":{"line":15,"column":8},"end":{"line":15,"column":21}},"9":{"start":{"line":17,"column":0},"end":{"line":17,"column":null}},"10":{"start":{"line":1,"column":13},"end":{"line":1,"column":19}}},"fnMap":{"0":{"name":"(anonymous_0)","decl":{"start":{"line":1,"column":0},"end":{"line":1,"column":13}},"loc":{"start":{"line":1,"column":0},"end":{"line":17,"column":null}}},"1":{"name":"(anonymous_2)","decl":{"start":{"line":4,"column":4},"end":{"line":4,"column":15}},"loc":{"start":{"line":4,"column":4},"end":{"line":6,"column":5}}},"2":{"name":"(anonymous_3)","decl":{"start":{"line":8,"column":4},"end":{"line":8,"column":11}},"loc":{"start":{"line":8,"column":4},"end":{"line":12,"column":5}}},"3":{"name":"(anonymous_4)","decl":{"start":{"line":14,"column":4},"end":{"line":14,"column":11}},"loc":{"start":{"line":14,"column":4},"end":{"line":16,"column":5}}}},"branchMap":{},"s":{"0":1,"1":1,"2":1,"3":2,"4":1,"5":0,"6":0,"7":1,"8":0,"9":1,"10":1},"f":{"0":2,"1":2,"2":0,"3":0},"b":{}}
,"/Users/karl/Documents/programming/node/trading-bot/src/shared/utils/index.ts": {"path":"/Users/karl/Documents/programming/node/trading-bot/src/shared/utils/index.ts","statementMap":{"0":{"start":{"line":1,"column":0},"end":{"line":1,"column":23}},"1":{"start":{"line":2,"column":0},"end":{"line":2,"column":31}},"2":{"start":{"line":3,"column":0},"end":{"line":3,"column":25}},"3":{"start":{"line":4,"column":0},"end":{"line":4,"column":24}}},"fnMap":{},"branchMap":{},"s":{"0":1,"1":1,"2":1,"3":1},"f":{},"b":{}}
,"/Users/karl/Documents/programming/node/trading-bot/src/shared/utils/randomNumber.ts": {"path":"/Users/karl/Documents/programming/node/trading-bot/src/shared/utils/randomNumber.ts","statementMap":{"0":{"start":{"line":1,"column":28},"end":{"line":3,"column":1}},"1":{"start":{"line":2,"column":4},"end":{"line":2,"column":45}},"2":{"start":{"line":1,"column":13},"end":{"line":1,"column":28}}},"fnMap":{"0":{"name":"(anonymous_0)","decl":{"start":{"line":1,"column":28},"end":{"line":1,"column":29}},"loc":{"start":{"line":1,"column":53},"end":{"line":3,"column":1}}}},"branchMap":{},"s":{"0":1,"1":5,"2":1},"f":{"0":5},"b":{}}
,"/Users/karl/Documents/programming/node/trading-bot/src/shared/utils/retry.ts": {"path":"/Users/karl/Documents/programming/node/trading-bot/src/shared/utils/retry.ts","statementMap":{"0":{"start":{"line":1,"column":0},"end":{"line":1,"column":30}},"1":{"start":{"line":2,"column":0},"end":{"line":2,"column":34}},"2":{"start":{"line":16,"column":13},"end":{"line":20,"column":3}},"3":{"start":{"line":22,"column":13},"end":{"line":24,"column":3}},"4":{"start":{"line":31,"column":27},"end":{"line":91,"column":1}},"5":{"start":{"line":32,"column":15},"end":{"line":32,"column":27}},"6":{"start":{"line":33,"column":19},"end":{"line":33,"column":24}},"7":{"start":{"line":35,"column":17},"end":{"line":38,"column":5}},"8":{"start":{"line":36,"column":8},"end":{"line":36,"column":18}},"9":{"start":{"line":37,"column":8},"end":{"line":37,"column":25}},"10":{"start":{"line":40,"column":19},"end":{"line":67,"column":null}},"11":{"start":{"line":44,"column":8},"end":{"line":44,"column":null}},"12":{"start":{"line":46,"column":8},"end":{"line":48,"column":9}},"13":{"start":{"line":47,"column":12},"end":{"line":47,"column":19}},"14":{"start":{"line":49,"column":14},"end":{"line":49,"column":66}},"15":{"start":{"line":50,"column":16},"end":{"line":50,"column":103}},"16":{"start":{"line":52,"column":29},"end":{"line":52,"column":51}},"17":{"start":{"line":52,"column":18},"end":{"line":52,"column":null}},"18":{"start":{"line":53,"column":12},"end":{"line":53,"column":44}},"19":{"start":{"line":54,"column":16},"end":{"line":54,"column":27}},"20":{"start":{"line":55,"column":16},"end":{"line":55,"column":45}},"21":{"start":{"line":56,"column":23},"end":{"line":56,"column":78}},"22":{"start":{"line":56,"column":16},"end":{"line":56,"column":78}},"23":{"start":{"line":58,"column":12},"end":{"line":58,"column":28}},"24":{"start":{"line":60,"column":12},"end":{"line":62,"column":13}},"25":{"start":{"line":61,"column":16},"end":{"line":61,"column":31}},"26":{"start":{"line":63,"column":12},"end":{"line":63,"column":42}},"27":{"start":{"line":64,"column":12},"end":{"line":64,"column":42}},"28":{"start":{"line":65,"column":12},"end":{"line":65,"column":68}},"29":{"start":{"line":69,"column":16},"end":{"line":77,"column":5}},"30":{"start":{"line":74,"column":8},"end":{"line":74,"column":15}},"31":{"start":{"line":75,"column":8},"end":{"line":75,"column":24}},"32":{"start":{"line":76,"column":8},"end":{"line":76,"column":52}},"33":{"start":{"line":79,"column":18},"end":{"line":84,"column":5}},"34":{"start":{"line":80,"column":8},"end":{"line":83,"column":10}},"35":{"start":{"line":86,"column":4},"end":{"line":90,"column":null}},"36":{"start":{"line":31,"column":13},"end":{"line":31,"column":27}}},"fnMap":{"0":{"name":"(anonymous_16)","decl":{"start":{"line":31,"column":27},"end":{"line":31,"column":null}},"loc":{"start":{"line":31,"column":27},"end":{"line":91,"column":1}}},"1":{"name":"(anonymous_17)","decl":{"start":{"line":35,"column":17},"end":{"line":35,"column":null}},"loc":{"start":{"line":35,"column":17},"end":{"line":38,"column":5}}},"2":{"name":"(anonymous_18)","decl":{"start":{"line":40,"column":19},"end":{"line":40,"column":null}},"loc":{"start":{"line":40,"column":19},"end":{"line":67,"column":null}}},"3":{"name":"(anonymous_21)","decl":{"start":{"line":69,"column":16},"end":{"line":69,"column":null}},"loc":{"start":{"line":72,"column":46},"end":{"line":77,"column":5}}},"4":{"name":"(anonymous_22)","decl":{"start":{"line":79,"column":18},"end":{"line":79,"column":null}},"loc":{"start":{"line":79,"column":18},"end":{"line":84,"column":5}}}},"branchMap":{"0":{"loc":{"start":{"line":44,"column":8},"end":{"line":44,"column":null}},"type":"if","locations":[{"start":{"line":44,"column":8},"end":{"line":44,"column":null}}]},"1":{"loc":{"start":{"line":56,"column":16},"end":{"line":56,"column":78}},"type":"switch","locations":[{"start":{"line":56,"column":16},"end":{"line":56,"column":78}},{"start":{"line":58,"column":12},"end":{"line":58,"column":28}}]},"2":{"loc":{"start":{"line":46,"column":8},"end":{"line":48,"column":9}},"type":"if","locations":[{"start":{"line":46,"column":8},"end":{"line":48,"column":9}}]},"3":{"loc":{"start":{"line":54,"column":16},"end":{"line":54,"column":27}},"type":"if","locations":[{"start":{"line":54,"column":16},"end":{"line":54,"column":27}}]},"4":{"loc":{"start":{"line":54,"column":16},"end":{"line":54,"column":39}},"type":"cond-expr","locations":[{"start":{"line":54,"column":27},"end":{"line":54,"column":30}},{"start":{"line":54,"column":16},"end":{"line":54,"column":39}}]},"5":{"loc":{"start":{"line":54,"column":16},"end":{"line":54,"column":30}},"type":"binary-expr","locations":[{"start":{"line":54,"column":16},"end":{"line":54,"column":30}},{"start":{"line":54,"column":16},"end":{"line":54,"column":30}}]},"6":{"loc":{"start":{"line":60,"column":12},"end":{"line":62,"column":13}},"type":"if","locations":[{"start":{"line":60,"column":12},"end":{"line":62,"column":13}}]},"7":{"loc":{"start":{"line":60,"column":16},"end":{"line":60,"column":88}},"type":"binary-expr","locations":[{"start":{"line":60,"column":16},"end":{"line":60,"column":60}},{"start":{"line":60,"column":64},"end":{"line":60,"column":86}}]},"8":{"loc":{"start":{"line":60,"column":64},"end":{"line":60,"column":86}},"type":"cond-expr","locations":[{"start":{"line":60,"column":81},"end":{"line":60,"column":84}},{"start":{"line":60,"column":64},"end":{"line":60,"column":86}}]},"9":{"loc":{"start":{"line":60,"column":64},"end":{"line":60,"column":84}},"type":"binary-expr","locations":[{"start":{"line":60,"column":64},"end":{"line":60,"column":84}},{"start":{"line":60,"column":64},"end":{"line":60,"column":84}}]}},"s":{"0":1,"1":1,"2":1,"3":1,"4":1,"5":1,"6":1,"7":1,"8":0,"9":0,"10":1,"11":0,"12":0,"13":0,"14":0,"15":0,"16":0,"17":0,"18":0,"19":0,"20":0,"21":0,"22":0,"23":0,"24":0,"25":0,"26":0,"27":0,"28":0,"29":1,"30":0,"31":0,"32":0,"33":1,"34":2,"35":1,"36":1},"f":{"0":1,"1":0,"2":0,"3":0,"4":2},"b":{"0":[0],"1":[0,0],"2":[0],"3":[0],"4":[0,0],"5":[0,0],"6":[0],"7":[0,0],"8":[0,0],"9":[0,0]}}
,"/Users/karl/Documents/programming/node/trading-bot/src/shared/utils/wait.ts": {"path":"/Users/karl/Documents/programming/node/trading-bot/src/shared/utils/wait.ts","statementMap":{"0":{"start":{"line":1,"column":20},"end":{"line":3,"column":null}},"1":{"start":{"line":1,"column":40},"end":{"line":1,"column":53}},"2":{"start":{"line":2,"column":4},"end":{"line":2,"column":79}},"3":{"start":{"line":2,"column":34},"end":{"line":2,"column":78}},"4":{"start":{"line":2,"column":51},"end":{"line":2,"column":69}},"5":{"start":{"line":1,"column":13},"end":{"line":1,"column":20}}},"fnMap":{"0":{"name":"(anonymous_14)","decl":{"start":{"line":1,"column":20},"end":{"line":1,"column":40}},"loc":{"start":{"line":1,"column":20},"end":{"line":3,"column":null}}},"1":{"name":"(anonymous_17)","decl":{"start":{"line":2,"column":23},"end":{"line":2,"column":30}},"loc":{"start":{"line":2,"column":30},"end":{"line":2,"column":44}}},"2":{"name":"(anonymous_18)","decl":{"start":{"line":2,"column":45},"end":{"line":2,"column":51}},"loc":{"start":{"line":2,"column":45},"end":{"line":2,"column":58}}}},"branchMap":{"0":{"loc":{"start":{"line":1,"column":40},"end":{"line":1,"column":53}},"type":"if","locations":[{"start":{"line":1,"column":40},"end":{"line":1,"column":53}}]}},"s":{"0":1,"1":0,"2":0,"3":0,"4":0,"5":1},"f":{"0":0,"1":0,"2":0},"b":{"0":[0]}}
}
