TN:
SF:src/ticker.ts
FN:1,(anonymous_0)
FNF:1
FNH:1
FNDA:1,(anonymous_0)
DA:1,1
DA:2,1
LF:2
LH:2
BRDA:1,0,0,1
BRDA:1,0,1,1
BRF:2
BRH:2
end_of_record
TN:
SF:src/const/index.ts
FNF:0
FNH:0
DA:1,1
DA:3,1
DA:5,1
DA:7,1
DA:9,1
DA:11,1
DA:13,1
DA:15,1
DA:17,1
LF:9
LH:9
BRF:0
BRH:0
end_of_record
TN:
SF:src/feature/index.ts
FNF:0
FNH:0
DA:1,1
DA:2,1
DA:3,1
LF:3
LH:3
BRF:0
BRH:0
end_of_record
TN:
SF:src/feature/logger/index.ts
FN:1,(anonymous_0)
FNF:1
FNH:1
FNDA:1,(anonymous_0)
DA:1,2
LF:1
LH:1
BRF:0
BRH:0
end_of_record
TN:
SF:src/feature/logger/logger.ts
FN:6,(anonymous_13)
FN:9,(anonymous_14)
FN:9,(anonymous_15)
FN:14,(anonymous_17)
FNF:4
FNH:1
FNDA:1,(anonymous_13)
FNDA:0,(anonymous_14)
FNDA:0,(anonymous_15)
FNDA:0,(anonymous_17)
DA:1,1
DA:6,1
DA:7,1
DA:9,1
DA:10,0
DA:11,0
DA:14,1
DA:15,0
DA:17,0
DA:20,1
LF:10
LH:6
BRDA:10,0,0,0
BRDA:15,1,0,0
BRF:2
BRH:0
end_of_record
TN:
SF:src/feature/marketAnalyzer/index.ts
FNF:0
FNH:0
DA:1,1
LF:1
LH:1
BRF:0
BRH:0
end_of_record
TN:
SF:src/feature/marketAnalyzer/movingAverage.ts
FN:6,(anonymous_1)
FN:14,(anonymous_2)
FNF:2
FNH:0
FNDA:0,(anonymous_1)
FNDA:0,(anonymous_2)
DA:1,1
DA:2,1
DA:6,1
DA:7,0
DA:9,0
DA:14,0
DA:16,0
DA:17,0
DA:18,0
DA:19,0
DA:21,0
DA:24,0
LF:12
LH:3
BRDA:16,0,0,0
BRDA:16,0,1,0
BRDA:18,1,0,0
BRDA:18,1,1,0
BRF:4
BRH:0
end_of_record
TN:
SF:src/feature/tradingBot/index.ts
FNF:0
FNH:0
DA:1,1
LF:1
LH:1
BRF:0
BRH:0
end_of_record
TN:
SF:src/feature/tradingBot/tradingBot.ts
FN:64,(anonymous_14)
FN:80,(anonymous_15)
FN:87,(anonymous_16)
FN:102,(anonymous_19)
FN:115,(anonymous_22)
FN:122,(anonymous_23)
FN:127,(anonymous_24)
FNF:7
FNH:3
FNDA:1,(anonymous_14)
FNDA:1,(anonymous_15)
FNDA:0,(anonymous_16)
FNDA:2,(anonymous_19)
FNDA:0,(anonymous_22)
FNDA:0,(anonymous_23)
FNDA:0,(anonymous_24)
DA:1,1
DA:2,1
DA:64,1
DA:77,8
DA:78,1
DA:80,1
DA:81,1
DA:82,1
DA:83,0
DA:87,1
DA:88,0
DA:89,0
DA:92,0
DA:97,0
DA:98,0
DA:99,0
DA:102,2
DA:103,1
DA:104,1
DA:105,1
DA:106,1
DA:108,1
DA:109,1
DA:111,0
DA:112,0
DA:115,1
DA:116,0
DA:117,0
DA:120,0
DA:122,0
DA:127,1
DA:128,0
DA:131,1
LF:33
LH:19
BRDA:82,0,0,0
BRDA:82,1,0,1
BRDA:82,1,1,0
BRDA:88,2,0,0
BRDA:108,3,0,1
BRDA:116,4,0,0
BRF:6
BRH:2
end_of_record
TN:
SF:src/mocks/index.ts
FNF:0
FNH:0
DA:1,1
DA:2,1
DA:3,1
DA:4,1
LF:4
LH:4
BRF:0
BRH:0
end_of_record
TN:
SF:src/mocks/priceData.ts
FN:4,(anonymous_13)
FN:4,(anonymous_14)
FNF:2
FNH:0
FNDA:0,(anonymous_13)
FNDA:0,(anonymous_14)
DA:2,1
DA:4,1
DA:5,0
DA:7,0
DA:8,0
DA:9,0
DA:11,0
DA:12,0
DA:13,0
DA:16,0
LF:10
LH:2
BRDA:5,0,0,0
BRF:1
BRH:0
end_of_record
TN:
SF:src/mocks/waitRandom.ts
FN:4,(anonymous_13)
FN:4,(anonymous_14)
FN:5,(anonymous_16)
FN:5,(anonymous_17)
FNF:4
FNH:4
FNDA:5,(anonymous_13)
FNDA:5,(anonymous_14)
FNDA:5,(anonymous_16)
FNDA:5,(anonymous_17)
DA:1,1
DA:2,1
DA:4,5
DA:5,5
LF:4
LH:4
BRF:0
BRH:0
end_of_record
TN:
SF:src/mocks/wallet/index.ts
FNF:0
FNH:0
DA:1,1
DA:2,1
LF:2
LH:2
BRF:0
BRH:0
end_of_record
TN:
SF:src/mocks/wallet/wallet.ts
FN:5,(anonymous_14)
FN:8,(anonymous_15)
FN:8,(anonymous_16)
FN:14,(anonymous_18)
FN:14,(anonymous_19)
FN:20,(anonymous_21)
FNF:6
FNH:2
FNDA:2,(anonymous_14)
FNDA:0,(anonymous_15)
FNDA:0,(anonymous_16)
FNDA:0,(anonymous_18)
FNDA:0,(anonymous_19)
FNDA:8,(anonymous_21)
DA:1,1
DA:3,1
DA:5,1
DA:6,2
DA:8,2
DA:9,0
DA:11,0
DA:14,2
DA:15,0
DA:17,0
DA:20,6
DA:21,8
DA:23,4
DA:26,2
LF:14
LH:10
BRDA:9,0,0,0
BRDA:15,1,0,0
BRDA:21,2,0,4
BRF:3
BRH:1
end_of_record
TN:
SF:src/mocks/walletsConnector/index.ts
FNF:0
FNH:0
DA:1,1
LF:1
LH:1
BRF:0
BRH:0
end_of_record
TN:
SF:src/mocks/walletsConnector/walletsConnector.ts
FN:6,(anonymous_14)
FN:7,(anonymous_15)
FN:13,(anonymous_16)
FN:13,(anonymous_17)
FN:18,(anonymous_19)
FN:18,(anonymous_20)
FNF:6
FNH:2
FNDA:1,(anonymous_14)
FNDA:2,(anonymous_15)
FNDA:0,(anonymous_16)
FNDA:0,(anonymous_17)
FNDA:0,(anonymous_19)
FNDA:0,(anonymous_20)
DA:1,1
DA:2,1
DA:6,1
DA:7,2
DA:9,1
DA:10,0
DA:13,1
DA:14,0
DA:15,0
DA:18,1
DA:19,0
DA:20,0
DA:23,1
LF:13
LH:8
BRDA:9,0,0,0
BRDA:14,1,0,0
BRDA:19,2,0,0
BRF:3
BRH:0
end_of_record
TN:
SF:src/shared/index.ts
FNF:0
FNH:0
DA:1,1
DA:2,1
LF:2
LH:2
BRF:0
BRH:0
end_of_record
TN:
SF:src/shared/types/action.types.ts
FN:1,(anonymous_0)
FNF:1
FNH:1
FNDA:1,(anonymous_0)
DA:1,1
DA:2,1
DA:3,1
DA:4,1
LF:4
LH:4
BRDA:1,0,0,1
BRDA:1,0,1,1
BRF:2
BRH:2
end_of_record
TN:
SF:src/shared/types/index.ts
FNF:0
FNH:0
DA:1,1
DA:2,1
DA:3,1
DA:4,1
LF:4
LH:4
BRF:0
BRH:0
end_of_record
TN:
SF:src/shared/utils/incrId.ts
FN:1,(anonymous_0)
FN:4,(anonymous_2)
FN:8,(anonymous_3)
FN:14,(anonymous_4)
FNF:4
FNH:2
FNDA:2,(anonymous_0)
FNDA:2,(anonymous_2)
FNDA:0,(anonymous_3)
FNDA:0,(anonymous_4)
DA:1,1
DA:2,1
DA:4,1
DA:5,2
DA:8,1
DA:9,0
DA:11,0
DA:14,1
DA:15,0
DA:17,1
LF:10
LH:7
BRF:0
BRH:0
end_of_record
TN:
SF:src/shared/utils/index.ts
FNF:0
FNH:0
DA:1,1
DA:2,1
DA:3,1
DA:4,1
LF:4
LH:4
BRF:0
BRH:0
end_of_record
TN:
SF:src/shared/utils/randomNumber.ts
FN:1,(anonymous_0)
FNF:1
FNH:1
FNDA:5,(anonymous_0)
DA:1,1
DA:2,5
LF:2
LH:2
BRF:0
BRH:0
end_of_record
TN:
SF:src/shared/utils/retry.ts
FN:31,(anonymous_16)
FN:35,(anonymous_17)
FN:40,(anonymous_18)
FN:69,(anonymous_21)
FN:79,(anonymous_22)
FNF:5
FNH:2
FNDA:1,(anonymous_16)
FNDA:0,(anonymous_17)
FNDA:0,(anonymous_18)
FNDA:0,(anonymous_21)
FNDA:2,(anonymous_22)
DA:1,1
DA:2,1
DA:16,1
DA:22,1
DA:31,1
DA:32,1
DA:33,1
DA:35,1
DA:36,0
DA:37,0
DA:40,1
DA:44,0
DA:46,0
DA:47,0
DA:49,0
DA:50,0
DA:52,0
DA:53,0
DA:54,0
DA:55,0
DA:56,0
DA:58,0
DA:60,0
DA:61,0
DA:63,0
DA:64,0
DA:65,0
DA:69,1
DA:74,0
DA:75,0
DA:76,0
DA:79,1
DA:80,2
DA:86,1
LF:34
LH:13
BRDA:44,0,0,0
BRDA:56,1,0,0
BRDA:56,1,1,0
BRDA:46,2,0,0
BRDA:54,3,0,0
BRDA:54,4,0,0
BRDA:54,4,1,0
BRDA:54,5,0,0
BRDA:54,5,1,0
BRDA:60,6,0,0
BRDA:60,7,0,0
BRDA:60,7,1,0
BRDA:60,8,0,0
BRDA:60,8,1,0
BRDA:60,9,0,0
BRDA:60,9,1,0
BRF:16
BRH:0
end_of_record
TN:
SF:src/shared/utils/wait.ts
FN:1,(anonymous_14)
FN:2,(anonymous_17)
FN:2,(anonymous_18)
FNF:3
FNH:0
FNDA:0,(anonymous_14)
FNDA:0,(anonymous_17)
FNDA:0,(anonymous_18)
DA:1,1
DA:2,0
LF:2
LH:1
BRDA:1,0,0,0
BRF:1
BRH:0
end_of_record
